# JRE version: Java(TM) SE Runtime Environment (17.0.9+11) (build 17.0.9+11-LTS-201)
# Java VM: Java HotSpot(TM) 64-Bit Server VM (17.0.9+11-LTS-201, mixed mode, sharing, tiered, compressed oops, compressed class ptrs, g1 gc, windows-amd64)
GC Precious Log:
 CPUs: 6 total, 6 available
 Memory: 7542M
 Large Page Support: Disabled
 NUMA Support: Disabled
 Compressed Oops: Enabled (32-bit)
 Heap Region Size: 1M
 Heap Min Capacity: 8M
 Heap Initial Capacity: 118M
 Heap Max Capacity: 1886M
 Pre-touch: Disabled
 Parallel Workers: 6
 Concurrent Workers: 2
 Concurrent Refinement Workers: 6
 Periodic GC: Disabled
Heap:
 garbage-first heap   total 319488K, used 189877K [0x000000008a200000, 0x0000000100000000)
  region size 1024K, 1 young (1024K), 1 survivors (1024K)
 Metaspace       used 4766K, committed 4928K, reserved 1114112K
  class space    used 463K, committed 512K, reserved 1048576K
GC Heap History (20 events):
Event: 376.567 GC heap after
{Heap after GC invocations=16 (full 0):
 garbage-first heap   total 181248K, used 107959K [0x000000008a200000, 0x0000000100000000)
  region size 1024K, 2 young (2048K), 2 survivors (2048K)
 Metaspace       used 4766K, committed 4928K, reserved 1114112K
  class space    used 463K, committed 512K, reserved 1048576K
}
Event: 376.773 GC heap before
{Heap before GC invocations=17 (full 0):
 garbage-first heap   total 194560K, used 116151K [0x000000008a200000, 0x0000000100000000)
  region size 1024K, 3 young (3072K), 2 survivors (2048K)
 Metaspace       used 4766K, committed 4928K, reserved 1114112K
  class space    used 463K, committed 512K, reserved 1048576K
}
Event: 376.775 GC heap after
{Heap after GC invocations=18 (full 0):
 garbage-first heap   total 194560K, used 116190K [0x000000008a200000, 0x0000000100000000)
  region size 1024K, 2 young (2048K), 2 survivors (2048K)
 Metaspace       used 4766K, committed 4928K, reserved 1114112K
  class space    used 463K, committed 512K, reserved 1048576K
}
Event: 376.816 GC heap before
{Heap before GC invocations=19 (full 0):
 garbage-first heap   total 208896K, used 124382K [0x000000008a200000, 0x0000000100000000)
  region size 1024K, 3 young (3072K), 2 survivors (2048K)
 Metaspace       used 4766K, committed 4928K, reserved 1114112K
  class space    used 463K, committed 512K, reserved 1048576K
}
Event: 376.818 GC heap after
{Heap after GC invocations=20 (full 0):
 garbage-first heap   total 208896K, used 124383K [0x000000008a200000, 0x0000000100000000)
  region size 1024K, 2 young (2048K), 2 survivors (2048K)
 Metaspace       used 4766K, committed 4928K, reserved 1114112K
  class space    used 463K, committed 512K, reserved 1048576K
}
Event: 377.009 GC heap before
{Heap before GC invocations=21 (full 0):
 garbage-first heap   total 222208K, used 132575K [0x000000008a200000, 0x0000000100000000)
  region size 1024K, 3 young (3072K), 2 survivors (2048K)
 Metaspace       used 4766K, committed 4928K, reserved 1114112K
  class space    used 463K, committed 512K, reserved 1048576K
}
Event: 377.011 GC heap after
{Heap after GC invocations=22 (full 0):
 garbage-first heap   total 222208K, used 132491K [0x000000008a200000, 0x0000000100000000)
  region size 1024K, 2 young (2048K), 2 survivors (2048K)
 Metaspace       used 4766K, committed 4928K, reserved 1114112K
  class space    used 463K, committed 512K, reserved 1048576K
}
Event: 377.068 GC heap before
{Heap before GC invocations=23 (full 0):
 garbage-first heap   total 235520K, used 140683K [0x000000008a200000, 0x0000000100000000)
  region size 1024K, 3 young (3072K), 2 survivors (2048K)
 Metaspace       used 4766K, committed 4928K, reserved 1114112K
  class space    used 463K, committed 512K, reserved 1048576K
}
Event: 377.069 GC heap after
{Heap after GC invocations=24 (full 0):
 garbage-first heap   total 235520K, used 140717K [0x000000008a200000, 0x0000000100000000)
  region size 1024K, 2 young (2048K), 2 survivors (2048K)
 Metaspace       used 4766K, committed 4928K, reserved 1114112K
  class space    used 463K, committed 512K, reserved 1048576K
}
Event: 377.306 GC heap before
{Heap before GC invocations=25 (full 0):
 garbage-first heap   total 249856K, used 148909K [0x000000008a200000, 0x0000000100000000)
  region size 1024K, 3 young (3072K), 2 survivors (2048K)
 Metaspace       used 4766K, committed 4928K, reserved 1114112K
  class space    used 463K, committed 512K, reserved 1048576K
}
Event: 377.308 GC heap after
{Heap after GC invocations=26 (full 0):
 garbage-first heap   total 249856K, used 148909K [0x000000008a200000, 0x0000000100000000)
  region size 1024K, 2 young (2048K), 2 survivors (2048K)
 Metaspace       used 4766K, committed 4928K, reserved 1114112K
  class space    used 463K, committed 512K, reserved 1048576K
}
Event: 377.350 GC heap before
{Heap before GC invocations=27 (full 0):
 garbage-first heap   total 263168K, used 157101K [0x000000008a200000, 0x0000000100000000)
  region size 1024K, 3 young (3072K), 2 survivors (2048K)
 Metaspace       used 4766K, committed 4928K, reserved 1114112K
  class space    used 463K, committed 512K, reserved 1048576K
}
Event: 377.352 GC heap after
{Heap after GC invocations=28 (full 0):
 garbage-first heap   total 263168K, used 157243K [0x000000008a200000, 0x0000000100000000)
  region size 1024K, 1 young (1024K), 1 survivors (1024K)
 Metaspace       used 4766K, committed 4928K, reserved 1114112K
  class space    used 463K, committed 512K, reserved 1048576K
}
Event: 377.574 GC heap before
{Heap before GC invocations=29 (full 0):
 garbage-first heap   total 278528K, used 165435K [0x000000008a200000, 0x0000000100000000)
  region size 1024K, 2 young (2048K), 1 survivors (1024K)
 Metaspace       used 4766K, committed 4928K, reserved 1114112K
  class space    used 463K, committed 512K, reserved 1048576K
}
Event: 377.574 GC heap after
{Heap after GC invocations=30 (full 0):
 garbage-first heap   total 278528K, used 165288K [0x000000008a200000, 0x0000000100000000)
  region size 1024K, 1 young (1024K), 1 survivors (1024K)
 Metaspace       used 4766K, committed 4928K, reserved 1114112K
  class space    used 463K, committed 512K, reserved 1048576K
}
Event: 377.617 GC heap before
{Heap before GC invocations=31 (full 0):
 garbage-first heap   total 291840K, used 173480K [0x000000008a200000, 0x0000000100000000)
  region size 1024K, 2 young (2048K), 1 survivors (1024K)
 Metaspace       used 4766K, committed 4928K, reserved 1114112K
  class space    used 463K, committed 512K, reserved 1048576K
}
Event: 377.618 GC heap after
{Heap after GC invocations=32 (full 0):
 garbage-first heap   total 291840K, used 173489K [0x000000008a200000, 0x0000000100000000)
  region size 1024K, 1 young (1024K), 1 survivors (1024K)
 Metaspace       used 4766K, committed 4928K, reserved 1114112K
  class space    used 463K, committed 512K, reserved 1048576K
}
Event: 377.852 GC heap before
{Heap before GC invocations=33 (full 0):
 garbage-first heap   total 306176K, used 181681K [0x000000008a200000, 0x0000000100000000)
  region size 1024K, 2 young (2048K), 1 survivors (1024K)
 Metaspace       used 4766K, committed 4928K, reserved 1114112K
  class space    used 463K, committed 512K, reserved 1048576K
}
Event: 377.852 GC heap after
{Heap after GC invocations=34 (full 0):
 garbage-first heap   total 306176K, used 181681K [0x000000008a200000, 0x0000000100000000)
  region size 1024K, 1 young (1024K), 1 survivors (1024K)
 Metaspace       used 4766K, committed 4928K, reserved 1114112K
  class space    used 463K, committed 512K, reserved 1048576K
}
Event: 377.900 GC heap before
{Heap before GC invocations=35 (full 0):
 garbage-first heap   total 319488K, used 189873K [0x000000008a200000, 0x0000000100000000)
  region size 1024K, 2 young (2048K), 1 survivors (1024K)
 Metaspace       used 4766K, committed 4928K, reserved 1114112K
  class space    used 463K, committed 512K, reserved 1048576K
}

