# JRE version: Java(TM) SE Runtime Environment (17.0.9+11) (build 17.0.9+11-LTS-201)
# Java VM: Java HotSpot(TM) 64-Bit Server VM (17.0.9+11-LTS-201, mixed mode, sharing, tiered, compressed oops, compressed class ptrs, g1 gc, windows-amd64)
GC Precious Log:
 CPUs: 6 total, 6 available
 Memory: 7542M
 Large Page Support: Disabled
 NUMA Support: Disabled
 Compressed Oops: Enabled (32-bit)
 Heap Region Size: 1M
 Heap Min Capacity: 8M
 Heap Initial Capacity: 118M
 Heap Max Capacity: 1886M
 Pre-touch: Disabled
 Parallel Workers: 6
 Concurrent Workers: 2
 Concurrent Refinement Workers: 6
 Periodic GC: Disabled
Heap:
 garbage-first heap   total 549888K, used 280051K [0x000000008a200000, 0x0000000100000000)
  region size 1024K, 1 young (1024K), 1 survivors (1024K)
 Metaspace       used 4559K, committed 4736K, reserved 1114112K
  class space    used 442K, committed 512K, reserved 1048576K
GC Heap History (20 events):
Event: 78.417 GC heap after
{Heap after GC invocations=37 (full 0):
 garbage-first heap   total 437248K, used 198094K [0x000000008a200000, 0x0000000100000000)
  region size 1024K, 1 young (1024K), 1 survivors (1024K)
 Metaspace       used 4556K, committed 4736K, reserved 1114112K
  class space    used 441K, committed 512K, reserved 1048576K
}
Event: 78.450 GC heap before
{Heap before GC invocations=38 (full 0):
 garbage-first heap   total 437248K, used 206286K [0x000000008a200000, 0x0000000100000000)
  region size 1024K, 2 young (2048K), 1 survivors (1024K)
 Metaspace       used 4556K, committed 4736K, reserved 1114112K
  class space    used 441K, committed 512K, reserved 1048576K
}
Event: 78.450 GC heap after
{Heap after GC invocations=39 (full 0):
 garbage-first heap   total 437248K, used 206290K [0x000000008a200000, 0x0000000100000000)
  region size 1024K, 1 young (1024K), 1 survivors (1024K)
 Metaspace       used 4556K, committed 4736K, reserved 1114112K
  class space    used 441K, committed 512K, reserved 1048576K
}
Event: 78.636 GC heap before
{Heap before GC invocations=40 (full 0):
 garbage-first heap   total 437248K, used 214482K [0x000000008a200000, 0x0000000100000000)
  region size 1024K, 2 young (2048K), 1 survivors (1024K)
 Metaspace       used 4556K, committed 4736K, reserved 1114112K
  class space    used 441K, committed 512K, reserved 1048576K
}
Event: 78.636 GC heap after
{Heap after GC invocations=41 (full 0):
 garbage-first heap   total 437248K, used 214485K [0x000000008a200000, 0x0000000100000000)
  region size 1024K, 1 young (1024K), 1 survivors (1024K)
 Metaspace       used 4556K, committed 4736K, reserved 1114112K
  class space    used 441K, committed 512K, reserved 1048576K
}
Event: 78.678 GC heap before
{Heap before GC invocations=42 (full 0):
 garbage-first heap   total 437248K, used 222677K [0x000000008a200000, 0x0000000100000000)
  region size 1024K, 2 young (2048K), 1 survivors (1024K)
 Metaspace       used 4556K, committed 4736K, reserved 1114112K
  class space    used 441K, committed 512K, reserved 1048576K
}
Event: 78.679 GC heap after
{Heap after GC invocations=43 (full 0):
 garbage-first heap   total 437248K, used 222683K [0x000000008a200000, 0x0000000100000000)
  region size 1024K, 1 young (1024K), 1 survivors (1024K)
 Metaspace       used 4556K, committed 4736K, reserved 1114112K
  class space    used 441K, committed 512K, reserved 1048576K
}
Event: 78.918 GC heap before
{Heap before GC invocations=44 (full 0):
 garbage-first heap   total 437248K, used 230875K [0x000000008a200000, 0x0000000100000000)
  region size 1024K, 2 young (2048K), 1 survivors (1024K)
 Metaspace       used 4556K, committed 4736K, reserved 1114112K
  class space    used 441K, committed 512K, reserved 1048576K
}
Event: 78.919 GC heap after
{Heap after GC invocations=45 (full 0):
 garbage-first heap   total 549888K, used 230878K [0x000000008a200000, 0x0000000100000000)
  region size 1024K, 1 young (1024K), 1 survivors (1024K)
 Metaspace       used 4556K, committed 4736K, reserved 1114112K
  class space    used 441K, committed 512K, reserved 1048576K
}
Event: 78.955 GC heap before
{Heap before GC invocations=45 (full 0):
 garbage-first heap   total 549888K, used 239070K [0x000000008a200000, 0x0000000100000000)
  region size 1024K, 2 young (2048K), 1 survivors (1024K)
 Metaspace       used 4556K, committed 4736K, reserved 1114112K
  class space    used 441K, committed 512K, reserved 1048576K
}
Event: 78.955 GC heap after
{Heap after GC invocations=46 (full 0):
 garbage-first heap   total 549888K, used 239072K [0x000000008a200000, 0x0000000100000000)
  region size 1024K, 1 young (1024K), 1 survivors (1024K)
 Metaspace       used 4556K, committed 4736K, reserved 1114112K
  class space    used 441K, committed 512K, reserved 1048576K
}
Event: 79.211 GC heap before
{Heap before GC invocations=46 (full 0):
 garbage-first heap   total 549888K, used 247264K [0x000000008a200000, 0x0000000100000000)
  region size 1024K, 2 young (2048K), 1 survivors (1024K)
 Metaspace       used 4556K, committed 4736K, reserved 1114112K
  class space    used 441K, committed 512K, reserved 1048576K
}
Event: 79.212 GC heap after
{Heap after GC invocations=47 (full 0):
 garbage-first heap   total 549888K, used 247265K [0x000000008a200000, 0x0000000100000000)
  region size 1024K, 1 young (1024K), 1 survivors (1024K)
 Metaspace       used 4556K, committed 4736K, reserved 1114112K
  class space    used 441K, committed 512K, reserved 1048576K
}
Event: 79.272 GC heap before
{Heap before GC invocations=48 (full 0):
 garbage-first heap   total 549888K, used 255457K [0x000000008a200000, 0x0000000100000000)
  region size 1024K, 2 young (2048K), 1 survivors (1024K)
 Metaspace       used 4559K, committed 4736K, reserved 1114112K
  class space    used 442K, committed 512K, reserved 1048576K
}
Event: 79.272 GC heap after
{Heap after GC invocations=49 (full 0):
 garbage-first heap   total 549888K, used 255465K [0x000000008a200000, 0x0000000100000000)
  region size 1024K, 1 young (1024K), 1 survivors (1024K)
 Metaspace       used 4559K, committed 4736K, reserved 1114112K
  class space    used 442K, committed 512K, reserved 1048576K
}
Event: 79.601 GC heap before
{Heap before GC invocations=50 (full 0):
 garbage-first heap   total 549888K, used 263657K [0x000000008a200000, 0x0000000100000000)
  region size 1024K, 2 young (2048K), 1 survivors (1024K)
 Metaspace       used 4559K, committed 4736K, reserved 1114112K
  class space    used 442K, committed 512K, reserved 1048576K
}
Event: 79.602 GC heap after
{Heap after GC invocations=51 (full 0):
 garbage-first heap   total 549888K, used 263662K [0x000000008a200000, 0x0000000100000000)
  region size 1024K, 1 young (1024K), 1 survivors (1024K)
 Metaspace       used 4559K, committed 4736K, reserved 1114112K
  class space    used 442K, committed 512K, reserved 1048576K
}
Event: 79.660 GC heap before
{Heap before GC invocations=52 (full 0):
 garbage-first heap   total 549888K, used 271854K [0x000000008a200000, 0x0000000100000000)
  region size 1024K, 2 young (2048K), 1 survivors (1024K)
 Metaspace       used 4559K, committed 4736K, reserved 1114112K
  class space    used 442K, committed 512K, reserved 1048576K
}
Event: 79.660 GC heap after
{Heap after GC invocations=53 (full 0):
 garbage-first heap   total 549888K, used 271858K [0x000000008a200000, 0x0000000100000000)
  region size 1024K, 1 young (1024K), 1 survivors (1024K)
 Metaspace       used 4559K, committed 4736K, reserved 1114112K
  class space    used 442K, committed 512K, reserved 1048576K
}
Event: 79.851 GC heap before
{Heap before GC invocations=54 (full 0):
 garbage-first heap   total 549888K, used 280050K [0x000000008a200000, 0x0000000100000000)
  region size 1024K, 2 young (2048K), 1 survivors (1024K)
 Metaspace       used 4559K, committed 4736K, reserved 1114112K
  class space    used 442K, committed 512K, reserved 1048576K
}

